2022-05-30 14:21:08.721  INFO 21336 --- [main] com.example.Application                  : Starting Application on WINDOWS-SOP8NKC with PID 21336 (D:\study\AAA-ZZY\zzy\kaoqinsystem\target\classes started by EDZ in D:\study\AAA-ZZY\zzy\kaoqinsystem)
2022-05-30 14:21:08.725 DEBUG 21336 --- [main] com.example.Application                  : Running with Spring Boot v2.1.0.RELEASE, Spring v5.1.2.RELEASE
2022-05-30 14:21:08.726  INFO 21336 --- [main] com.example.Application                  : No active profile set, falling back to default profiles: default
2022-05-30 14:21:09.356  INFO 21336 --- [main] o.s.b.w.embedded.tomcat.TomcatWebServer  : Tomcat initialized with port(s): 8888 (http)
2022-05-30 14:21:09.364  INFO 21336 --- [main] o.apache.catalina.core.StandardService   : Starting service [Tomcat]
2022-05-30 14:21:09.364  INFO 21336 --- [main] org.apache.catalina.core.StandardEngine  : Starting Servlet Engine: Apache Tomcat/9.0.12
2022-05-30 14:21:09.367  INFO 21336 --- [main] o.a.catalina.core.AprLifecycleListener   : The APR based Apache Tomcat Native library which allows optimal performance in production environments was not found on the java.library.path: [D:\jdk-1.8\bin;C:\Windows\Sun\Java\bin;C:\Windows\system32;C:\Windows;D:\APP\bin\;C:\Windows\system32;C:\Windows;C:\Windows\System32\Wbem;C:\Windows\System32\WindowsPowerShell\v1.0\;C:\Windows\System32\OpenSSH\;C:\Program Files\MySQL\MySQL Server 8.0\bin;D:\Git\cmd;C:\Program Files\TortoiseGit\bin;D:\nodejs\;C:\Program Files\Redis\;C:\Program Files (x86)\Yarn\bin\;D:\WorkAPP\;D:\SVN\bin;"%JAVA_HOME%\bin;%JAVA_HOME%\jre\bin;";C:\Users\EDZ\AppData\Local\Microsoft\WindowsApps;D:\APP\;C:\Users\EDZ\AppData\Roaming\npm;C:\Users\EDZ\AppData\Local\Yarn\bin;D:\Microsoft VS Code\bin;D:\WorkDocument\apache-maven-3.3.9\apache-maven-3.3.9\apache-maven-3.3.9\bin;;.]
2022-05-30 14:21:09.417  INFO 21336 --- [main] o.a.c.c.C.[Tomcat].[localhost].[/]       : Initializing Spring embedded WebApplicationContext
2022-05-30 14:21:09.417  INFO 21336 --- [main] o.s.web.context.ContextLoader            : Root WebApplicationContext: initialization completed in 669 ms
2022-05-30 14:21:09.430  INFO 21336 --- [main] o.s.b.w.servlet.ServletRegistrationBean  : Servlet dispatcherServlet mapped to [/]
2022-05-30 14:21:09.432  INFO 21336 --- [main] o.s.b.w.servlet.FilterRegistrationBean   : Mapping filter: 'characterEncodingFilter' to: [/*]
2022-05-30 14:21:09.432  INFO 21336 --- [main] o.s.b.w.servlet.FilterRegistrationBean   : Mapping filter: 'hiddenHttpMethodFilter' to: [/*]
2022-05-30 14:21:09.432  INFO 21336 --- [main] o.s.b.w.servlet.FilterRegistrationBean   : Mapping filter: 'formContentFilter' to: [/*]
2022-05-30 14:21:09.432  INFO 21336 --- [main] o.s.b.w.servlet.FilterRegistrationBean   : Mapping filter: 'requestContextFilter' to: [/*]
2022-05-30 14:21:09.655  WARN 21336 --- [main] t.m.m.m.resolve.DefaultEntityResolve     : 通用 Mapper 警告信息: <[EntityColumn{table=user_info, property='status', column='status', javaType=int, jdbcType=null, typeHandler=null, id=false, identity=false, blob=false, generator='null', orderBy='null', orderPriority='0', insertable=true, updatable=true, order=DEFAULT}]> 使用了基本类型，基本类型在动态 SQL 中由于存在默认值，因此任何时候都不等于 null，建议修改基本类型为对应的包装类型!
2022-05-30 14:21:09.906  INFO 21336 --- [main] o.s.s.concurrent.ThreadPoolTaskExecutor  : Initializing ExecutorService 'applicationTaskExecutor'
2022-05-30 14:21:10.066  INFO 21336 --- [main] o.s.b.w.embedded.tomcat.TomcatWebServer  : Tomcat started on port(s): 8888 (http) with context path ''
2022-05-30 14:21:10.067  INFO 21336 --- [main] com.example.Application                  : Started Application in 1.546 seconds (JVM running for 2.421)
2022-05-30 14:21:10.511  INFO 21336 --- [http-nio-8888-exec-1] o.a.c.c.C.[Tomcat].[localhost].[/]       : Initializing Spring DispatcherServlet 'dispatcherServlet'
2022-05-30 14:21:10.511  INFO 21336 --- [http-nio-8888-exec-1] o.s.web.servlet.DispatcherServlet        : Initializing Servlet 'dispatcherServlet'
2022-05-30 14:21:10.515  INFO 21336 --- [http-nio-8888-exec-1] o.s.web.servlet.DispatcherServlet        : Completed initialization in 4 ms
2022-05-30 14:21:28.093  INFO 21336 --- [http-nio-8888-exec-9] com.zaxxer.hikari.HikariDataSource       : HikariPool-1 - Starting...
2022-05-30 14:21:28.148  INFO 21336 --- [http-nio-8888-exec-9] com.zaxxer.hikari.HikariDataSource       : HikariPool-1 - Start completed.
2022-05-30 14:21:28.152 DEBUG 21336 --- [http-nio-8888-exec-9] c.e.dao.UserInfoDao.findByUsername       : ==>  Preparing: select * from `user_info` where `name` = ? and status = 1 
2022-05-30 14:21:28.163 DEBUG 21336 --- [http-nio-8888-exec-9] c.e.dao.UserInfoDao.findByUsername       : ==> Parameters: 111(String)
2022-05-30 14:21:28.175 DEBUG 21336 --- [http-nio-8888-exec-9] c.e.dao.UserInfoDao.findByUsername       : <==      Total: 1
2022-05-30 14:21:28.331 DEBUG 21336 --- [http-nio-8888-exec-1] com.example.dao.AdminInfoDao.findByName  : ==>  Preparing: select `admin_info`.* from `admin_info` where 1 = 1 order by `admin_info`.id 
2022-05-30 14:21:28.331 DEBUG 21336 --- [http-nio-8888-exec-1] com.example.dao.AdminInfoDao.findByName  : ==> Parameters: 
2022-05-30 14:21:28.334 DEBUG 21336 --- [http-nio-8888-exec-1] com.example.dao.AdminInfoDao.findByName  : <==      Total: 11
2022-05-30 14:21:28.335 DEBUG 21336 --- [http-nio-8888-exec-1] com.example.dao.UserInfoDao.findByName   : ==>  Preparing: select `user_info`.* from `user_info` where 1 = 1 order by status desc 
2022-05-30 14:21:28.335 DEBUG 21336 --- [http-nio-8888-exec-1] com.example.dao.UserInfoDao.findByName   : ==> Parameters: 
2022-05-30 14:21:28.339 DEBUG 21336 --- [http-nio-8888-exec-1] com.example.dao.UserInfoDao.findByName   : <==      Total: 15
2022-05-30 14:21:28.340 DEBUG 21336 --- [http-nio-8888-exec-1] c.example.dao.CanshuInfoDao.findByName   : ==>  Preparing: select `canshu_info`.* from `canshu_info` where 1 = 1 order by `canshu_info`.id 
2022-05-30 14:21:28.341 DEBUG 21336 --- [http-nio-8888-exec-1] c.example.dao.CanshuInfoDao.findByName   : ==> Parameters: 
2022-05-30 14:21:28.344 DEBUG 21336 --- [http-nio-8888-exec-7] com.example.dao.AdminInfoDao.findByName  : ==>  Preparing: select `admin_info`.* from `admin_info` where 1 = 1 order by `admin_info`.id 
2022-05-30 14:21:28.345 DEBUG 21336 --- [http-nio-8888-exec-7] com.example.dao.AdminInfoDao.findByName  : ==> Parameters: 
2022-05-30 14:21:28.347 DEBUG 21336 --- [http-nio-8888-exec-1] c.example.dao.CanshuInfoDao.findByName   : <==      Total: 1
2022-05-30 14:21:28.348 DEBUG 21336 --- [http-nio-8888-exec-1] c.example.dao.KaoqinInfoDao.findByName   : ==>  Preparing: select `kaoqin_info`.*, `user_info`.name as userName from `kaoqin_info` left join `user_info` on `kaoqin_info`.userId = `user_info`.id where 1 = 1 and `kaoqin_info`.status = 1 order by `kaoqin_info`.id desc 
2022-05-30 14:21:28.348 DEBUG 21336 --- [http-nio-8888-exec-1] c.example.dao.KaoqinInfoDao.findByName   : ==> Parameters: 
2022-05-30 14:21:28.349 DEBUG 21336 --- [http-nio-8888-exec-7] com.example.dao.AdminInfoDao.findByName  : <==      Total: 11
2022-05-30 14:21:28.353 DEBUG 21336 --- [http-nio-8888-exec-1] c.example.dao.KaoqinInfoDao.findByName   : <==      Total: 9
2022-05-30 14:21:28.355 DEBUG 21336 --- [http-nio-8888-exec-1] c.e.dao.AdvertiserInfoDao.findByName     : ==>  Preparing: select `advertiser_info`.* from `advertiser_info` where 1 = 1 order by `advertiser_info`.`time` desc 
2022-05-30 14:21:28.355 DEBUG 21336 --- [http-nio-8888-exec-1] c.e.dao.AdvertiserInfoDao.findByName     : ==> Parameters: 
2022-05-30 14:21:28.362 DEBUG 21336 --- [http-nio-8888-exec-1] c.e.dao.AdvertiserInfoDao.findByName     : <==      Total: 10
2022-05-30 14:21:29.984 DEBUG 21336 --- [http-nio-8888-exec-2] c.e.d.Q.findByUserIdAndLevel_COUNT       : ==>  Preparing: SELECT count(0) FROM `qingjia_info` WHERE 1 = 1 AND `qingjia_info`.`userName` = ? AND `qingjia_info`.`level` = ? 
2022-05-30 14:21:29.985 DEBUG 21336 --- [http-nio-8888-exec-2] c.e.d.Q.findByUserIdAndLevel_COUNT       : ==> Parameters: 111(String), 2(Integer)
2022-05-30 14:21:29.994 DEBUG 21336 --- [http-nio-8888-exec-2] c.e.d.Q.findByUserIdAndLevel_COUNT       : <==      Total: 1
2022-05-30 14:21:29.995 DEBUG 21336 --- [http-nio-8888-exec-2] c.e.d.Q.findByUserIdAndLevel             : ==>  Preparing: select `qingjia_info`.* from `qingjia_info` where 1 = 1 and `qingjia_info`.`userName` = ? and `qingjia_info`.`level` = ? order by `qingjia_info`.id LIMIT ? 
2022-05-30 14:21:29.995 DEBUG 21336 --- [http-nio-8888-exec-2] c.e.d.Q.findByUserIdAndLevel             : ==> Parameters: 111(String), 2(Integer), 5(Integer)
2022-05-30 14:21:29.996 DEBUG 21336 --- [http-nio-8888-exec-2] c.e.d.Q.findByUserIdAndLevel             : <==      Total: 5
2022-05-30 14:21:32.211 DEBUG 21336 --- [http-nio-8888-exec-5] com.example.dao.UserInfoDao.findByName   : ==>  Preparing: select `user_info`.* from `user_info` where 1 = 1 order by status desc 
2022-05-30 14:21:32.211 DEBUG 21336 --- [http-nio-8888-exec-5] com.example.dao.UserInfoDao.findByName   : ==> Parameters: 
2022-05-30 14:21:32.213 DEBUG 21336 --- [http-nio-8888-exec-5] com.example.dao.UserInfoDao.findByName   : <==      Total: 15
2022-05-30 14:21:32.214 DEBUG 21336 --- [http-nio-8888-exec-9] c.e.d.K.findVoByCondition_COUNT          : ==>  Preparing: SELECT count(0) FROM `kaoqin_info` LEFT JOIN user_info ON kaoqin_info.userId = user_info.id WHERE 1 = 1 AND `kaoqin_info`.status = 1 AND kaoqin_info.userId = ? 
2022-05-30 14:21:32.214 DEBUG 21336 --- [http-nio-8888-exec-9] c.e.d.K.findVoByCondition_COUNT          : ==> Parameters: 13(Long)
2022-05-30 14:21:32.216 DEBUG 21336 --- [http-nio-8888-exec-9] c.e.d.K.findVoByCondition_COUNT          : <==      Total: 1
2022-05-30 14:21:32.216 DEBUG 21336 --- [http-nio-8888-exec-9] c.e.dao.KaoqinInfoDao.findVoByCondition  : ==>  Preparing: select `kaoqin_info`.*, `user_info`.name as userName from `kaoqin_info` left join user_info on kaoqin_info.userId = user_info.id where 1 = 1 and `kaoqin_info`.status =1 and kaoqin_info.userId = ? order by `kaoqin_info`.id desc LIMIT ? 
2022-05-30 14:21:32.216 DEBUG 21336 --- [http-nio-8888-exec-9] c.e.dao.KaoqinInfoDao.findVoByCondition  : ==> Parameters: 13(Long), 8(Integer)
2022-05-30 14:21:32.218 DEBUG 21336 --- [http-nio-8888-exec-9] c.e.dao.KaoqinInfoDao.findVoByCondition  : <==      Total: 7
2022-05-30 14:21:33.738 DEBUG 21336 --- [http-nio-8888-exec-6] c.e.dao.UserInfoDao.selectKaoQinInfo     : ==>  Preparing: SELECT count(*) as totalNumber, sum(CASE WHEN shangbanStatus = "上班迟到" THEN 1 ELSE NULL END) as lateNumber, sum(CASE WHEN xiabanStatus = "下班早退" THEN 1 ELSE NULL END) as earlyNumber FROM `kaoqin_info` WHERE UNIX_TIMESTAMP(shangban) < ? and UNIX_TIMESTAMP(shangban) > ? and userId = ? and status = 1 
2022-05-30 14:21:33.738 DEBUG 21336 --- [http-nio-8888-exec-6] c.e.dao.UserInfoDao.selectKaoQinInfo     : ==> Parameters: 1654012800(Long), 1651334400(Long), 13(Long)
2022-05-30 14:21:33.740 DEBUG 21336 --- [http-nio-8888-exec-6] c.e.dao.UserInfoDao.selectKaoQinInfo     : <==      Total: 1
2022-05-30 14:21:33.740 DEBUG 21336 --- [http-nio-8888-exec-6] c.e.dao.QingjiaInfoDao.selectNumber      : ==>  Preparing: select IFNULL(sum(tianshu),0) from qingjia_info where userName = ? and `status` = '审核通过' and UNIX_TIMESTAMP(time) < ? and UNIX_TIMESTAMP(time) > ? 
2022-05-30 14:21:33.740 DEBUG 21336 --- [http-nio-8888-exec-6] c.e.dao.QingjiaInfoDao.selectNumber      : ==> Parameters: 111(String), 1654012800(Long), 1651334400(Long)
2022-05-30 14:21:33.741 DEBUG 21336 --- [http-nio-8888-exec-6] c.e.dao.QingjiaInfoDao.selectNumber      : <==      Total: 1
2022-05-30 14:21:33.741 DEBUG 21336 --- [http-nio-8888-exec-6] c.e.dao.XiujiaInfoDao.selectNumber       : ==>  Preparing: select IFNULL(sum(tianshu),0) from xiujia_info where userName = ? and `status` = '审核通过' and UNIX_TIMESTAMP(time) < ? and UNIX_TIMESTAMP(time) > ? 
2022-05-30 14:21:33.741 DEBUG 21336 --- [http-nio-8888-exec-6] c.e.dao.XiujiaInfoDao.selectNumber       : ==> Parameters: 111(String), 1654012800(Long), 1651334400(Long)
2022-05-30 14:21:33.744 DEBUG 21336 --- [http-nio-8888-exec-6] c.e.dao.XiujiaInfoDao.selectNumber       : <==      Total: 1
2022-05-30 14:22:42.735 DEBUG 21336 --- [http-nio-8888-exec-1] c.e.dao.UserInfoDao.findByUsername       : ==>  Preparing: select * from `user_info` where `name` = ? and status = 1 
2022-05-30 14:22:42.735 DEBUG 21336 --- [http-nio-8888-exec-1] c.e.dao.UserInfoDao.findByUsername       : ==> Parameters: 赵志宇(String)
2022-05-30 14:22:42.737 DEBUG 21336 --- [http-nio-8888-exec-1] c.e.dao.UserInfoDao.findByUsername       : <==      Total: 1
2022-05-30 14:22:42.838 DEBUG 21336 --- [http-nio-8888-exec-4] com.example.dao.AdminInfoDao.findByName  : ==>  Preparing: select `admin_info`.* from `admin_info` where 1 = 1 order by `admin_info`.id 
2022-05-30 14:22:42.838 DEBUG 21336 --- [http-nio-8888-exec-4] com.example.dao.AdminInfoDao.findByName  : ==> Parameters: 
2022-05-30 14:22:42.840 DEBUG 21336 --- [http-nio-8888-exec-4] com.example.dao.AdminInfoDao.findByName  : <==      Total: 11
2022-05-30 14:22:42.840 DEBUG 21336 --- [http-nio-8888-exec-4] com.example.dao.UserInfoDao.findByName   : ==>  Preparing: select `user_info`.* from `user_info` where 1 = 1 order by status desc 
2022-05-30 14:22:42.841 DEBUG 21336 --- [http-nio-8888-exec-4] com.example.dao.UserInfoDao.findByName   : ==> Parameters: 
2022-05-30 14:22:42.842 DEBUG 21336 --- [http-nio-8888-exec-4] com.example.dao.UserInfoDao.findByName   : <==      Total: 15
2022-05-30 14:22:42.843 DEBUG 21336 --- [http-nio-8888-exec-4] c.example.dao.CanshuInfoDao.findByName   : ==>  Preparing: select `canshu_info`.* from `canshu_info` where 1 = 1 order by `canshu_info`.id 
2022-05-30 14:22:42.843 DEBUG 21336 --- [http-nio-8888-exec-4] c.example.dao.CanshuInfoDao.findByName   : ==> Parameters: 
2022-05-30 14:22:42.846 DEBUG 21336 --- [http-nio-8888-exec-4] c.example.dao.CanshuInfoDao.findByName   : <==      Total: 1
2022-05-30 14:22:42.847 DEBUG 21336 --- [http-nio-8888-exec-4] c.example.dao.KaoqinInfoDao.findByName   : ==>  Preparing: select `kaoqin_info`.*, `user_info`.name as userName from `kaoqin_info` left join `user_info` on `kaoqin_info`.userId = `user_info`.id where 1 = 1 and `kaoqin_info`.status = 1 order by `kaoqin_info`.id desc 
2022-05-30 14:22:42.848 DEBUG 21336 --- [http-nio-8888-exec-4] c.example.dao.KaoqinInfoDao.findByName   : ==> Parameters: 
2022-05-30 14:22:42.848 DEBUG 21336 --- [http-nio-8888-exec-4] c.example.dao.KaoqinInfoDao.findByName   : <==      Total: 9
2022-05-30 14:22:42.849 DEBUG 21336 --- [http-nio-8888-exec-4] c.e.dao.AdvertiserInfoDao.findByName     : ==>  Preparing: select `advertiser_info`.* from `advertiser_info` where 1 = 1 order by `advertiser_info`.`time` desc 
2022-05-30 14:22:42.849 DEBUG 21336 --- [http-nio-8888-exec-4] c.e.dao.AdvertiserInfoDao.findByName     : ==> Parameters: 
2022-05-30 14:22:42.851 DEBUG 21336 --- [http-nio-8888-exec-4] c.e.dao.AdvertiserInfoDao.findByName     : <==      Total: 10
2022-05-30 14:22:42.870 DEBUG 21336 --- [http-nio-8888-exec-2] com.example.dao.AdminInfoDao.findByName  : ==>  Preparing: select `admin_info`.* from `admin_info` where 1 = 1 order by `admin_info`.id 
2022-05-30 14:22:42.870 DEBUG 21336 --- [http-nio-8888-exec-2] com.example.dao.AdminInfoDao.findByName  : ==> Parameters: 
2022-05-30 14:22:42.872 DEBUG 21336 --- [http-nio-8888-exec-2] com.example.dao.AdminInfoDao.findByName  : <==      Total: 11
2022-05-30 14:22:46.734 DEBUG 21336 --- [http-nio-8888-exec-10] c.e.d.Q.findByUserIdAndLevel_COUNT       : ==>  Preparing: SELECT count(0) FROM `qingjia_info` WHERE 1 = 1 AND `qingjia_info`.`userName` = ? AND `qingjia_info`.`level` = ? 
2022-05-30 14:22:46.735 DEBUG 21336 --- [http-nio-8888-exec-10] c.e.d.Q.findByUserIdAndLevel_COUNT       : ==> Parameters: 赵志宇(String), 2(Integer)
2022-05-30 14:22:46.735 DEBUG 21336 --- [http-nio-8888-exec-10] c.e.d.Q.findByUserIdAndLevel_COUNT       : <==      Total: 1
2022-05-30 14:22:46.735 DEBUG 21336 --- [http-nio-8888-exec-10] c.e.d.Q.findByUserIdAndLevel             : ==>  Preparing: select `qingjia_info`.* from `qingjia_info` where 1 = 1 and `qingjia_info`.`userName` = ? and `qingjia_info`.`level` = ? order by `qingjia_info`.id LIMIT ? 
2022-05-30 14:22:46.736 DEBUG 21336 --- [http-nio-8888-exec-10] c.e.d.Q.findByUserIdAndLevel             : ==> Parameters: 赵志宇(String), 2(Integer), 5(Integer)
2022-05-30 14:22:46.736 DEBUG 21336 --- [http-nio-8888-exec-10] c.e.d.Q.findByUserIdAndLevel             : <==      Total: 5
2022-05-30 14:22:47.874 DEBUG 21336 --- [http-nio-8888-exec-8] com.example.dao.UserInfoDao.findByName   : ==>  Preparing: select `user_info`.* from `user_info` where 1 = 1 order by status desc 
2022-05-30 14:22:47.875 DEBUG 21336 --- [http-nio-8888-exec-8] com.example.dao.UserInfoDao.findByName   : ==> Parameters: 
2022-05-30 14:22:47.876 DEBUG 21336 --- [http-nio-8888-exec-8] com.example.dao.UserInfoDao.findByName   : <==      Total: 15
2022-05-30 14:22:47.876 DEBUG 21336 --- [http-nio-8888-exec-5] c.e.d.K.findVoByCondition_COUNT          : ==>  Preparing: SELECT count(0) FROM `kaoqin_info` LEFT JOIN user_info ON kaoqin_info.userId = user_info.id WHERE 1 = 1 AND `kaoqin_info`.status = 1 AND kaoqin_info.userId = ? 
2022-05-30 14:22:47.876 DEBUG 21336 --- [http-nio-8888-exec-5] c.e.d.K.findVoByCondition_COUNT          : ==> Parameters: 13(Long)
2022-05-30 14:22:47.877 DEBUG 21336 --- [http-nio-8888-exec-5] c.e.d.K.findVoByCondition_COUNT          : <==      Total: 1
2022-05-30 14:22:47.877 DEBUG 21336 --- [http-nio-8888-exec-5] c.e.dao.KaoqinInfoDao.findVoByCondition  : ==>  Preparing: select `kaoqin_info`.*, `user_info`.name as userName from `kaoqin_info` left join user_info on kaoqin_info.userId = user_info.id where 1 = 1 and `kaoqin_info`.status =1 and kaoqin_info.userId = ? order by `kaoqin_info`.id desc LIMIT ? 
2022-05-30 14:22:47.877 DEBUG 21336 --- [http-nio-8888-exec-5] c.e.dao.KaoqinInfoDao.findVoByCondition  : ==> Parameters: 13(Long), 8(Integer)
2022-05-30 14:22:47.878 DEBUG 21336 --- [http-nio-8888-exec-5] c.e.dao.KaoqinInfoDao.findVoByCondition  : <==      Total: 7
2022-05-30 14:22:51.211 DEBUG 21336 --- [http-nio-8888-exec-6] c.e.dao.UserInfoDao.selectKaoQinInfo     : ==>  Preparing: SELECT count(*) as totalNumber, sum(CASE WHEN shangbanStatus = "上班迟到" THEN 1 ELSE NULL END) as lateNumber, sum(CASE WHEN xiabanStatus = "下班早退" THEN 1 ELSE NULL END) as earlyNumber FROM `kaoqin_info` WHERE UNIX_TIMESTAMP(shangban) < ? and UNIX_TIMESTAMP(shangban) > ? and userId = ? and status = 1 
2022-05-30 14:22:51.212 DEBUG 21336 --- [http-nio-8888-exec-6] c.e.dao.UserInfoDao.selectKaoQinInfo     : ==> Parameters: 1654012800(Long), 1651334400(Long), 13(Long)
2022-05-30 14:22:51.212 DEBUG 21336 --- [http-nio-8888-exec-6] c.e.dao.UserInfoDao.selectKaoQinInfo     : <==      Total: 1
2022-05-30 14:22:51.212 DEBUG 21336 --- [http-nio-8888-exec-6] c.e.dao.QingjiaInfoDao.selectNumber      : ==>  Preparing: select IFNULL(sum(tianshu),0) from qingjia_info where userName = ? and `status` = '审核通过' and UNIX_TIMESTAMP(time) < ? and UNIX_TIMESTAMP(time) > ? 
2022-05-30 14:22:51.213 DEBUG 21336 --- [http-nio-8888-exec-6] c.e.dao.QingjiaInfoDao.selectNumber      : ==> Parameters: 赵志宇(String), 1654012800(Long), 1651334400(Long)
2022-05-30 14:22:51.213 DEBUG 21336 --- [http-nio-8888-exec-6] c.e.dao.QingjiaInfoDao.selectNumber      : <==      Total: 1
2022-05-30 14:22:51.213 DEBUG 21336 --- [http-nio-8888-exec-6] c.e.dao.XiujiaInfoDao.selectNumber       : ==>  Preparing: select IFNULL(sum(tianshu),0) from xiujia_info where userName = ? and `status` = '审核通过' and UNIX_TIMESTAMP(time) < ? and UNIX_TIMESTAMP(time) > ? 
2022-05-30 14:22:51.213 DEBUG 21336 --- [http-nio-8888-exec-6] c.e.dao.XiujiaInfoDao.selectNumber       : ==> Parameters: 赵志宇(String), 1654012800(Long), 1651334400(Long)
2022-05-30 14:22:51.214 DEBUG 21336 --- [http-nio-8888-exec-6] c.e.dao.XiujiaInfoDao.selectNumber       : <==      Total: 1
